app/build/outputs/logs/manifest-merger-debug-report.txt
-- Merging decision tree log ---
manifest
ADDED from src/main/AndroidManifest.xml:16:1-187:12
	package
		ADDED from src/main/AndroidManifest.xml:17:5-47
		INJECTED from src/main/AndroidManifest.xml
		INJECTED from src/main/AndroidManifest.xml
	android:versionName
		INJECTED from src/main/AndroidManifest.xml
		INJECTED from src/main/AndroidManifest.xml
	xmlns:android
		ADDED from src/main/AndroidManifest.xml:16:11-69
	android:versionCode
		INJECTED from src/main/AndroidManifest.xml
		INJECTED from src/main/AndroidManifest.xml
uses-permission#android.permission.INTERNET
ADDED from src/main/AndroidManifest.xml:20:5-67
MERGED from [com.google.android.gms:play-services-gcm:8.4.0] AndroidManifest.xml:22:5-67
MERGED from [com.google.android.gms:play-services-measurement:8.4.0] AndroidManifest.xml:21:5-67
	android:name
		ADDED from src/main/AndroidManifest.xml:20:22-64
uses-permission#android.permission.READ_SYNC_SETTINGS
ADDED from src/main/AndroidManifest.xml:23:5-77
	android:name
		ADDED from src/main/AndroidManifest.xml:23:22-74
uses-permission#android.permission.WRITE_SYNC_SETTINGS
ADDED from src/main/AndroidManifest.xml:24:5-78
	android:name
		ADDED from src/main/AndroidManifest.xml:24:22-75
uses-permission#android.permission.AUTHENTICATE_ACCOUNTS
ADDED from src/main/AndroidManifest.xml:25:5-80
	android:name
		ADDED from src/main/AndroidManifest.xml:25:22-77
uses-permission#android.permission.ACCESS_NETWORK_STATE
ADDED from src/main/AndroidManifest.xml:28:5-79
MERGED from [com.google.android.gms:play-services-measurement:8.4.0] AndroidManifest.xml:22:5-79
	android:name
		ADDED from src/main/AndroidManifest.xml:28:22-76
uses-permission#com.google.android.permission.PROVIDE_BACKGROUND
ADDED from src/main/AndroidManifest.xml:31:5-88
	android:name
		ADDED from src/main/AndroidManifest.xml:31:22-85
uses-permission#android.permission.WAKE_LOCK
ADDED from src/main/AndroidManifest.xml:32:5-68
MERGED from [com.google.android.gms:play-services-measurement:8.4.0] AndroidManifest.xml:24:5-67
	android:name
		ADDED from src/main/AndroidManifest.xml:32:22-65
uses-permission#com.google.android.c2dm.permission.RECEIVE
ADDED from src/main/AndroidManifest.xml:33:5-82
MERGED from [com.google.android.gms:play-services-gcm:8.4.0] AndroidManifest.xml:21:5-82
	android:name
		ADDED from src/main/AndroidManifest.xml:33:22-79
permission#com.example.android.sunshine.app.permission.C2D_MESSAGE
ADDED from src/main/AndroidManifest.xml:36:5-38:47
	android:protectionLevel
		ADDED from src/main/AndroidManifest.xml:38:9-44
	android:name
		ADDED from src/main/AndroidManifest.xml:37:9-79
uses-permission#com.example.android.sunshine.app.permission.C2D_MESSAGE
ADDED from src/main/AndroidManifest.xml:40:5-95
	android:name
		ADDED from src/main/AndroidManifest.xml:40:22-92
application
ADDED from src/main/AndroidManifest.xml:42:5-185:19
MERGED from [com.android.support:gridlayout-v7:22.2.0] AndroidManifest.xml:22:5-20
MERGED from [com.android.support:cardview-v7:22.2.0] AndroidManifest.xml:22:5-20
MERGED from [com.android.support:design:22.2.0] AndroidManifest.xml:22:5-20
MERGED from [com.android.support:appcompat-v7:22.2.0] AndroidManifest.xml:22:5-20
MERGED from [com.google.android.gms:play-services-gcm:8.4.0] AndroidManifest.xml:24:5-20
MERGED from [com.google.android.gms:play-services-measurement:8.4.0] AndroidManifest.xml:26:5-46:19
MERGED from [com.google.android.gms:play-services-appindexing:8.4.0] AndroidManifest.xml:19:5-20
MERGED from [com.google.android.gms:play-services-wearable:8.4.0] AndroidManifest.xml:19:5-20
MERGED from [com.google.android.gms:play-services-basement:8.4.0] AndroidManifest.xml:20:5-24:19
MERGED from [com.android.support:support-v4:23.0.0] AndroidManifest.xml:22:5-20
	android:label
		ADDED from src/main/AndroidManifest.xml:45:9-41
	android:supportsRtl
		ADDED from src/main/AndroidManifest.xml:46:9-35
	android:allowBackup
		ADDED from src/main/AndroidManifest.xml:43:9-35
	android:icon
		ADDED from src/main/AndroidManifest.xml:44:9-43
	android:theme
		ADDED from src/main/AndroidManifest.xml:47:9-40
activity#com.example.android.sunshine.app.MainActivity
ADDED from src/main/AndroidManifest.xml:48:9-57:20
	android:label
		ADDED from src/main/AndroidManifest.xml:50:13-45
	android:theme
		ADDED from src/main/AndroidManifest.xml:51:13-49
	android:name
		ADDED from src/main/AndroidManifest.xml:49:13-41
intent-filter#android.intent.action.MAIN+android.intent.category.LAUNCHER
ADDED from src/main/AndroidManifest.xml:52:13-56:29
action#android.intent.action.MAIN
ADDED from src/main/AndroidManifest.xml:53:17-69
	android:name
		ADDED from src/main/AndroidManifest.xml:53:25-66
category#android.intent.category.LAUNCHER
ADDED from src/main/AndroidManifest.xml:55:17-77
	android:name
		ADDED from src/main/AndroidManifest.xml:55:27-74
activity#com.example.android.sunshine.app.DetailActivity
ADDED from src/main/AndroidManifest.xml:58:9-66:20
	android:label
		ADDED from src/main/AndroidManifest.xml:60:13-58
	android:parentActivityName
		ADDED from src/main/AndroidManifest.xml:61:13-55
	android:theme
		ADDED from src/main/AndroidManifest.xml:62:13-52
	android:name
		ADDED from src/main/AndroidManifest.xml:59:13-43
meta-data#android.support.PARENT_ACTIVITY
ADDED from src/main/AndroidManifest.xml:63:13-65:81
	android:value
		ADDED from src/main/AndroidManifest.xml:65:17-78
	android:name
		ADDED from src/main/AndroidManifest.xml:64:17-63
activity#com.example.android.sunshine.app.SettingsActivity
ADDED from src/main/AndroidManifest.xml:67:9-75:20
	android:label
		ADDED from src/main/AndroidManifest.xml:69:13-60
	android:parentActivityName
		ADDED from src/main/AndroidManifest.xml:70:13-55
	android:theme
		ADDED from src/main/AndroidManifest.xml:71:13-49
	android:name
		ADDED from src/main/AndroidManifest.xml:68:13-45
provider#com.example.android.sunshine.app.data.WeatherProvider
ADDED from src/main/AndroidManifest.xml:77:9-81:39
	android:authorities
		ADDED from src/main/AndroidManifest.xml:79:13-60
	android:syncable
		ADDED from src/main/AndroidManifest.xml:81:13-36
	android:exported
		ADDED from src/main/AndroidManifest.xml:80:13-37
	android:name
		ADDED from src/main/AndroidManifest.xml:78:13-49
service#com.example.android.sunshine.app.sync.SunshineAuthenticatorService
ADDED from src/main/AndroidManifest.xml:84:9-92:19
	android:name
		ADDED from src/main/AndroidManifest.xml:84:18-67
intent-filter#android.accounts.AccountAuthenticator
ADDED from src/main/AndroidManifest.xml:85:13-87:29
action#android.accounts.AccountAuthenticator
ADDED from src/main/AndroidManifest.xml:86:17-80
	android:name
		ADDED from src/main/AndroidManifest.xml:86:25-77
meta-data#android.accounts.AccountAuthenticator
ADDED from src/main/AndroidManifest.xml:89:13-91:57
	android:resource
		ADDED from src/main/AndroidManifest.xml:91:17-54
	android:name
		ADDED from src/main/AndroidManifest.xml:90:17-69
service#com.example.android.sunshine.app.sync.SunshineSyncService
ADDED from src/main/AndroidManifest.xml:95:9-105:19
	android:exported
		ADDED from src/main/AndroidManifest.xml:97:13-36
	android:name
		ADDED from src/main/AndroidManifest.xml:96:13-53
intent-filter#android.content.SyncAdapter
ADDED from src/main/AndroidManifest.xml:98:13-100:29
action#android.content.SyncAdapter
ADDED from src/main/AndroidManifest.xml:99:17-70
	android:name
		ADDED from src/main/AndroidManifest.xml:99:25-67
meta-data#android.content.SyncAdapter
ADDED from src/main/AndroidManifest.xml:102:13-104:55
	android:resource
		ADDED from src/main/AndroidManifest.xml:104:17-52
	android:name
		ADDED from src/main/AndroidManifest.xml:103:17-59
receiver#com.google.android.gms.gcm.GcmReceiver
ADDED from src/main/AndroidManifest.xml:108:9-118:20
	android:exported
		ADDED from src/main/AndroidManifest.xml:110:13-36
	android:permission
		ADDED from src/main/AndroidManifest.xml:111:13-73
	android:name
		ADDED from src/main/AndroidManifest.xml:109:13-66
intent-filter#com.example.android.sunshine.app+com.google.android.c2dm.intent.RECEIVE+com.google.android.c2dm.intent.REGISTRATION
ADDED from src/main/AndroidManifest.xml:112:13-117:29
action#com.google.android.c2dm.intent.RECEIVE
ADDED from src/main/AndroidManifest.xml:113:17-81
	android:name
		ADDED from src/main/AndroidManifest.xml:113:25-78
action#com.google.android.c2dm.intent.REGISTRATION
ADDED from src/main/AndroidManifest.xml:114:17-86
	android:name
		ADDED from src/main/AndroidManifest.xml:114:25-83
category#com.example.android.sunshine.app
ADDED from src/main/AndroidManifest.xml:116:17-77
	android:name
		ADDED from src/main/AndroidManifest.xml:116:27-74
service#com.example.android.sunshine.app.muzei.WeatherMuzeiSource
ADDED from src/main/AndroidManifest.xml:120:9-132:19
	android:label
		ADDED from src/main/AndroidManifest.xml:124:13-45
	android:icon
		ADDED from src/main/AndroidManifest.xml:123:13-46
	android:description
		ADDED from src/main/AndroidManifest.xml:122:13-60
	android:name
		ADDED from src/main/AndroidManifest.xml:121:13-53
intent-filter#com.google.android.apps.muzei.api.MuzeiArtSource
ADDED from src/main/AndroidManifest.xml:125:13-127:29
action#com.google.android.apps.muzei.api.MuzeiArtSource
ADDED from src/main/AndroidManifest.xml:126:17-91
	android:name
		ADDED from src/main/AndroidManifest.xml:126:25-88
meta-data#color
ADDED from src/main/AndroidManifest.xml:129:13-131:50
	android:value
		ADDED from src/main/AndroidManifest.xml:131:17-47
	android:name
		ADDED from src/main/AndroidManifest.xml:130:17-37
receiver#com.example.android.sunshine.app.widget.TodayWidgetProvider
ADDED from src/main/AndroidManifest.xml:134:9-145:20
	android:label
		ADDED from src/main/AndroidManifest.xml:136:13-55
	android:name
		ADDED from src/main/AndroidManifest.xml:135:13-55
intent-filter#android.appwidget.action.APPWIDGET_UPDATE+com.example.android.sunshine.app.ACTION_DATA_UPDATED
ADDED from src/main/AndroidManifest.xml:137:13-140:29
action#android.appwidget.action.APPWIDGET_UPDATE
ADDED from src/main/AndroidManifest.xml:138:17-84
	android:name
		ADDED from src/main/AndroidManifest.xml:138:25-81
action#com.example.android.sunshine.app.ACTION_DATA_UPDATED
ADDED from src/main/AndroidManifest.xml:139:17-95
	android:name
		ADDED from src/main/AndroidManifest.xml:139:25-92
meta-data#android.appwidget.provider
ADDED from src/main/AndroidManifest.xml:142:13-144:61
	android:resource
		ADDED from src/main/AndroidManifest.xml:144:17-58
	android:name
		ADDED from src/main/AndroidManifest.xml:143:17-58
service#com.example.android.sunshine.app.widget.TodayWidgetIntentService
ADDED from src/main/AndroidManifest.xml:147:9-68
	android:name
		ADDED from src/main/AndroidManifest.xml:147:18-65
receiver#com.example.android.sunshine.app.widget.DetailWidgetProvider
ADDED from src/main/AndroidManifest.xml:149:9-161:20
	android:enabled
		ADDED from src/main/AndroidManifest.xml:151:13-58
	android:label
		ADDED from src/main/AndroidManifest.xml:152:13-56
	android:name
		ADDED from src/main/AndroidManifest.xml:150:13-56
service#com.example.android.sunshine.app.widget.DetailWidgetRemoteViewsService
ADDED from src/main/AndroidManifest.xml:163:9-167:72
	android:enabled
		ADDED from src/main/AndroidManifest.xml:165:13-58
	android:exported
		ADDED from src/main/AndroidManifest.xml:166:13-37
	android:permission
		ADDED from src/main/AndroidManifest.xml:167:13-69
	android:name
		ADDED from src/main/AndroidManifest.xml:164:13-66
service#gcm.MyGcmListenerService
ADDED from src/main/AndroidManifest.xml:168:9-174:19
	android:exported
		ADDED from src/main/AndroidManifest.xml:170:13-37
	android:name
		ADDED from src/main/AndroidManifest.xml:169:13-52
intent-filter#com.google.android.c2dm.intent.RECEIVE
ADDED from src/main/AndroidManifest.xml:171:13-173:29
service#gcm.MyInstanceIDListenerService
ADDED from src/main/AndroidManifest.xml:175:9-181:19
	android:exported
		ADDED from src/main/AndroidManifest.xml:177:13-37
	android:name
		ADDED from src/main/AndroidManifest.xml:176:13-59
intent-filter#com.google.android.gms.iid.InstanceID
ADDED from src/main/AndroidManifest.xml:178:13-180:29
action#com.google.android.gms.iid.InstanceID
ADDED from src/main/AndroidManifest.xml:179:17-80
	android:name
		ADDED from src/main/AndroidManifest.xml:179:25-77
service#com.example.android.sunshine.app.gcm.RegistrationIntentService
ADDED from src/main/AndroidManifest.xml:182:9-184:48
	android:exported
		ADDED from src/main/AndroidManifest.xml:184:13-37
	android:name
		ADDED from src/main/AndroidManifest.xml:183:13-58
uses-sdk
INJECTED from src/main/AndroidManifest.xml reason: use-sdk injection requested
MERGED from [com.android.support:gridlayout-v7:22.2.0] AndroidManifest.xml:20:5-43
MERGED from [com.android.support:cardview-v7:22.2.0] AndroidManifest.xml:20:5-43
MERGED from [com.android.support:design:22.2.0] AndroidManifest.xml:20:5-43
MERGED from [com.android.support:appcompat-v7:22.2.0] AndroidManifest.xml:20:5-43
MERGED from [com.android.support:recyclerview-v7:22.2.0] AndroidManifest.xml:20:5-43
MERGED from [com.google.android.gms:play-services-gcm:8.4.0] AndroidManifest.xml:18:5-42
MERGED from [com.google.android.gms:play-services-measurement:8.4.0] AndroidManifest.xml:18:5-42
MERGED from [com.google.android.gms:play-services-appindexing:8.4.0] AndroidManifest.xml:18:5-42
MERGED from [com.google.android.gms:play-services-wearable:8.4.0] AndroidManifest.xml:18:5-42
MERGED from [com.google.android.gms:play-services-base:8.4.0] AndroidManifest.xml:18:5-42
MERGED from [com.google.android.gms:play-services-basement:8.4.0] AndroidManifest.xml:18:5-42
MERGED from [com.android.support:support-v4:23.0.0] AndroidManifest.xml:20:5-43
	android:targetSdkVersion
		INJECTED from src/main/AndroidManifest.xml
		INJECTED from src/main/AndroidManifest.xml
	android:minSdkVersion
		INJECTED from src/main/AndroidManifest.xml
		INJECTED from src/main/AndroidManifest.xml
provider#com.google.android.gms.measurement.AppMeasurementContentProvider
ADDED from [com.google.android.gms:play-services-measurement:8.4.0] AndroidManifest.xml:28:7-31:37
	android:authorities
		ADDED from [com.google.android.gms:play-services-measurement:8.4.0] AndroidManifest.xml:29:11-76
	android:exported
		ADDED from [com.google.android.gms:play-services-measurement:8.4.0] AndroidManifest.xml:31:11-35
	android:name
		ADDED from [com.google.android.gms:play-services-measurement:8.4.0] AndroidManifest.xml:30:11-90
receiver#com.google.android.gms.measurement.AppMeasurementReceiver
ADDED from [com.google.android.gms:play-services-measurement:8.4.0] AndroidManifest.xml:33:7-39:18
	android:enabled
		ADDED from [com.google.android.gms:play-services-measurement:8.4.0] AndroidManifest.xml:35:11-33
	android:name
		ADDED from [com.google.android.gms:play-services-measurement:8.4.0] AndroidManifest.xml:34:11-83
intent-filter#com.google.android.gms.measurement.UPLOAD
ADDED from [com.google.android.gms:play-services-measurement:8.4.0] AndroidManifest.xml:36:9-38:25
action#com.google.android.gms.measurement.UPLOAD
ADDED from [com.google.android.gms:play-services-measurement:8.4.0] AndroidManifest.xml:37:11-77
	android:name
		ADDED from [com.google.android.gms:play-services-measurement:8.4.0] AndroidManifest.xml:37:19-75
service#com.google.android.gms.measurement.AppMeasurementService
ADDED from [com.google.android.gms:play-services-measurement:8.4.0] AndroidManifest.xml:41:7-44:37
	android:enabled
		ADDED from [com.google.android.gms:play-services-measurement:8.4.0] AndroidManifest.xml:43:11-33
	android:exported
		ADDED from [com.google.android.gms:play-services-measurement:8.4.0] AndroidManifest.xml:44:11-35
	android:name
		ADDED from [com.google.android.gms:play-services-measurement:8.4.0] AndroidManifest.xml:42:11-82
meta-data#com.google.android.gms.version
ADDED from [com.google.android.gms:play-services-basement:8.4.0] AndroidManifest.xml:21:9-23:69
	android:value
		ADDED from [com.google.android.gms:play-services-basement:8.4.0] AndroidManifest.xml:23:13-66
	android:name
		ADDED from [com.google.android.gms:play-services-basement:8.4.0] AndroidManifest.xml:22:13-58